2015-06-22 05:23:03 Error: [MissingControllerException] Controller class LoginController could not be found.
#0 C:\xampp\htdocs\biblioteca\webroot\index.php(97): Dispatcher->dispatch(Object(CakeRequest), Object(CakeResponse))
#1 {main}
2015-06-22 05:28:10 Error: [MissingActionException] Action LoginController::index() could not be found.
#0 C:\xampp\cakephp\lib\Cake\Routing\Dispatcher.php(186): Controller->invokeAction(Object(CakeRequest))
#1 C:\xampp\cakephp\lib\Cake\Routing\Dispatcher.php(161): Dispatcher->_invoke(Object(LoginController), Object(CakeRequest), Object(CakeResponse))
#2 C:\xampp\htdocs\biblioteca\webroot\index.php(97): Dispatcher->dispatch(Object(CakeRequest), Object(CakeResponse))
#3 {main}
2015-06-22 05:38:11 Error: Fatal Error (4): syntax error, unexpected ':', expecting ',' or ';' in [C:\xampp\htdocs\biblioteca\Controller\LoginController.php, line 3]
2015-06-22 05:38:11 Error: [FatalErrorException] syntax error, unexpected ':', expecting ',' or ';'
#0 C:\xampp\cakephp\lib\Cake\Error\ErrorHandler.php(162): ErrorHandler::handleFatalError(4, 'syntax error, u...', 'C:\\xampp\\htdocs...', 3)
#1 [internal function]: ErrorHandler::handleError(4, 'syntax error, u...', 'C:\\xampp\\htdocs...', 3, Array)
#2 C:\xampp\cakephp\lib\Cake\Core\App.php(926): call_user_func('ErrorHandler::h...', 4, 'syntax error, u...', 'C:\\xampp\\htdocs...', 3, Array)
#3 C:\xampp\cakephp\lib\Cake\Core\App.php(899): App::_checkFatalError()
#4 [internal function]: App::shutdown()
#5 {main}
2015-06-22 05:38:31 Error: [MissingTableException] Table logins for model Login was not found in datasource default.
#0 C:\xampp\cakephp\lib\Cake\Model\Model.php(3179): Model->setSource('logins')
#1 C:\xampp\cakephp\lib\Cake\Model\Model.php(1301): Model->getDataSource()
#2 C:\xampp\cakephp\lib\Cake\Model\Model.php(1389): Model->schema()
#3 C:\xampp\cakephp\lib\Cake\Model\Model.php(1375): Model->hasField('title', false)
#4 C:\xampp\cakephp\lib\Cake\Model\Model.php(863): Model->hasField(Array)
#5 C:\xampp\cakephp\lib\Cake\Controller\Scaffold.php(131): Model->__get('displayField')
#6 C:\xampp\cakephp\lib\Cake\Controller\Controller.php(530): Scaffold->__construct(Object(LoginController), Object(CakeRequest))
#7 C:\xampp\cakephp\lib\Cake\Controller\Controller.php(489): Controller->_getScaffold(Object(CakeRequest))
#8 C:\xampp\cakephp\lib\Cake\Routing\Dispatcher.php(186): Controller->invokeAction(Object(CakeRequest))
#9 C:\xampp\cakephp\lib\Cake\Routing\Dispatcher.php(161): Dispatcher->_invoke(Object(LoginController), Object(CakeRequest), Object(CakeResponse))
#10 C:\xampp\htdocs\biblioteca\webroot\index.php(97): Dispatcher->dispatch(Object(CakeRequest), Object(CakeResponse))
#11 {main}
2015-06-22 05:39:39 Error: Fatal Error (4): syntax error, unexpected ':', expecting ',' or ';' in [C:\xampp\htdocs\biblioteca\Controller\LoginController.php, line 3]
2015-06-22 05:39:39 Error: [FatalErrorException] syntax error, unexpected ':', expecting ',' or ';'
#0 C:\xampp\cakephp\lib\Cake\Error\ErrorHandler.php(162): ErrorHandler::handleFatalError(4, 'syntax error, u...', 'C:\\xampp\\htdocs...', 3)
#1 [internal function]: ErrorHandler::handleError(4, 'syntax error, u...', 'C:\\xampp\\htdocs...', 3, Array)
#2 C:\xampp\cakephp\lib\Cake\Core\App.php(926): call_user_func('ErrorHandler::h...', 4, 'syntax error, u...', 'C:\\xampp\\htdocs...', 3, Array)
#3 C:\xampp\cakephp\lib\Cake\Core\App.php(899): App::_checkFatalError()
#4 [internal function]: App::shutdown()
#5 {main}
2015-06-22 05:44:09 Error: [MissingControllerException] Controller class LoginsController could not be found.
#0 C:\xampp\htdocs\biblioteca\webroot\index.php(97): Dispatcher->dispatch(Object(CakeRequest), Object(CakeResponse))
#1 {main}
